mode: set
github.com/Devashish08/InterPreter-Compiler/main.go:15.13,16.22 1 0
github.com/Devashish08/InterPreter-Compiler/main.go:16.22,19.3 2 0
github.com/Devashish08/InterPreter-Compiler/main.go:21.2,22.17 2 0
github.com/Devashish08/InterPreter-Compiler/main.go:23.13,24.23 1 0
github.com/Devashish08/InterPreter-Compiler/main.go:24.23,28.4 3 0
github.com/Devashish08/InterPreter-Compiler/main.go:29.3,29.22 1 0
github.com/Devashish08/InterPreter-Compiler/main.go:30.14,31.14 1 0
github.com/Devashish08/InterPreter-Compiler/main.go:32.14,33.14 1 0
github.com/Devashish08/InterPreter-Compiler/main.go:34.10,37.13 3 0
github.com/Devashish08/InterPreter-Compiler/main.go:41.18,43.16 2 0
github.com/Devashish08/InterPreter-Compiler/main.go:43.16,44.13 1 0
github.com/Devashish08/InterPreter-Compiler/main.go:46.2,48.33 3 0
github.com/Devashish08/InterPreter-Compiler/main.go:51.27,53.16 2 0
github.com/Devashish08/InterPreter-Compiler/main.go:53.16,56.3 2 0
github.com/Devashish08/InterPreter-Compiler/main.go:58.2,63.26 5 0
github.com/Devashish08/InterPreter-Compiler/main.go:63.26,66.3 2 0
github.com/Devashish08/InterPreter-Compiler/main.go:68.2,69.22 2 0
github.com/Devashish08/InterPreter-Compiler/main.go:69.22,71.3 1 0
github.com/Devashish08/InterPreter-Compiler/main.go:74.18,84.2 9 0
github.com/Devashish08/InterPreter-Compiler/main.go:86.41,88.29 2 0
github.com/Devashish08/InterPreter-Compiler/main.go:88.29,90.3 1 0
github.com/Devashish08/InterPreter-Compiler/ast/ast.go:31.41,32.27 1 0
github.com/Devashish08/InterPreter-Compiler/ast/ast.go:32.27,34.3 1 0
github.com/Devashish08/InterPreter-Compiler/ast/ast.go:34.8,36.3 1 0
github.com/Devashish08/InterPreter-Compiler/ast/ast.go:39.35,42.33 2 1
github.com/Devashish08/InterPreter-Compiler/ast/ast.go:42.33,44.3 1 1
github.com/Devashish08/InterPreter-Compiler/ast/ast.go:46.2,46.21 1 1
github.com/Devashish08/InterPreter-Compiler/ast/ast.go:56.48,56.49 0 0
github.com/Devashish08/InterPreter-Compiler/ast/ast.go:57.47,57.74 1 1
github.com/Devashish08/InterPreter-Compiler/ast/ast.go:58.41,65.21 5 1
github.com/Devashish08/InterPreter-Compiler/ast/ast.go:65.21,67.3 1 1
github.com/Devashish08/InterPreter-Compiler/ast/ast.go:69.2,71.21 2 1
github.com/Devashish08/InterPreter-Compiler/ast/ast.go:79.51,79.52 0 0
github.com/Devashish08/InterPreter-Compiler/ast/ast.go:80.50,80.77 1 0
github.com/Devashish08/InterPreter-Compiler/ast/ast.go:81.44,86.27 3 0
github.com/Devashish08/InterPreter-Compiler/ast/ast.go:86.27,88.3 1 0
github.com/Devashish08/InterPreter-Compiler/ast/ast.go:90.2,92.21 2 0
github.com/Devashish08/InterPreter-Compiler/ast/ast.go:100.55,100.56 0 0
github.com/Devashish08/InterPreter-Compiler/ast/ast.go:101.54,101.81 1 0
github.com/Devashish08/InterPreter-Compiler/ast/ast.go:102.48,103.26 1 0
github.com/Devashish08/InterPreter-Compiler/ast/ast.go:103.26,105.3 1 0
github.com/Devashish08/InterPreter-Compiler/ast/ast.go:106.2,106.11 1 0
github.com/Devashish08/InterPreter-Compiler/ast/ast.go:114.50,114.51 0 0
github.com/Devashish08/InterPreter-Compiler/ast/ast.go:115.49,115.76 1 0
github.com/Devashish08/InterPreter-Compiler/ast/ast.go:116.43,119.34 2 0
github.com/Devashish08/InterPreter-Compiler/ast/ast.go:119.34,121.3 1 0
github.com/Devashish08/InterPreter-Compiler/ast/ast.go:123.2,123.21 1 0
github.com/Devashish08/InterPreter-Compiler/ast/ast.go:132.45,132.46 0 0
github.com/Devashish08/InterPreter-Compiler/ast/ast.go:133.44,133.70 1 0
github.com/Devashish08/InterPreter-Compiler/ast/ast.go:134.44,134.62 1 1
github.com/Devashish08/InterPreter-Compiler/ast/ast.go:141.42,141.43 0 0
github.com/Devashish08/InterPreter-Compiler/ast/ast.go:142.41,142.67 1 0
github.com/Devashish08/InterPreter-Compiler/ast/ast.go:143.41,143.67 1 0
github.com/Devashish08/InterPreter-Compiler/ast/ast.go:150.50,150.51 0 0
github.com/Devashish08/InterPreter-Compiler/ast/ast.go:151.49,151.76 1 0
github.com/Devashish08/InterPreter-Compiler/ast/ast.go:152.49,152.76 1 0
github.com/Devashish08/InterPreter-Compiler/ast/ast.go:160.52,160.53 0 0
github.com/Devashish08/InterPreter-Compiler/ast/ast.go:161.51,161.78 1 0
github.com/Devashish08/InterPreter-Compiler/ast/ast.go:162.45,171.2 6 0
github.com/Devashish08/InterPreter-Compiler/ast/ast.go:180.51,180.52 0 0
github.com/Devashish08/InterPreter-Compiler/ast/ast.go:181.50,181.77 1 0
github.com/Devashish08/InterPreter-Compiler/ast/ast.go:182.44,192.2 7 0
github.com/Devashish08/InterPreter-Compiler/ast/ast.go:201.48,201.49 0 0
github.com/Devashish08/InterPreter-Compiler/ast/ast.go:202.47,202.74 1 0
github.com/Devashish08/InterPreter-Compiler/ast/ast.go:203.41,211.27 6 0
github.com/Devashish08/InterPreter-Compiler/ast/ast.go:211.27,214.3 2 0
github.com/Devashish08/InterPreter-Compiler/ast/ast.go:216.2,216.21 1 0
github.com/Devashish08/InterPreter-Compiler/ast/ast.go:225.51,225.52 0 0
github.com/Devashish08/InterPreter-Compiler/ast/ast.go:226.50,226.77 1 0
github.com/Devashish08/InterPreter-Compiler/ast/ast.go:227.44,231.34 3 0
github.com/Devashish08/InterPreter-Compiler/ast/ast.go:231.34,233.3 1 0
github.com/Devashish08/InterPreter-Compiler/ast/ast.go:235.2,241.21 6 0
github.com/Devashish08/InterPreter-Compiler/ast/ast.go:250.50,250.51 0 0
github.com/Devashish08/InterPreter-Compiler/ast/ast.go:251.49,251.76 1 0
github.com/Devashish08/InterPreter-Compiler/ast/ast.go:252.43,256.33 3 0
github.com/Devashish08/InterPreter-Compiler/ast/ast.go:256.33,258.3 1 0
github.com/Devashish08/InterPreter-Compiler/ast/ast.go:260.2,265.21 5 0
github.com/Devashish08/InterPreter-Compiler/ast/ast.go:273.49,273.50 0 0
github.com/Devashish08/InterPreter-Compiler/ast/ast.go:274.48,274.75 1 0
github.com/Devashish08/InterPreter-Compiler/ast/ast.go:275.48,275.75 1 0
github.com/Devashish08/InterPreter-Compiler/ast/ast.go:282.48,282.49 0 0
github.com/Devashish08/InterPreter-Compiler/ast/ast.go:283.47,283.74 1 0
github.com/Devashish08/InterPreter-Compiler/ast/ast.go:284.41,288.33 3 0
github.com/Devashish08/InterPreter-Compiler/ast/ast.go:288.33,290.3 1 0
github.com/Devashish08/InterPreter-Compiler/ast/ast.go:292.2,296.21 4 0
github.com/Devashish08/InterPreter-Compiler/ast/ast.go:305.51,305.52 0 0
github.com/Devashish08/InterPreter-Compiler/ast/ast.go:306.50,306.77 1 0
github.com/Devashish08/InterPreter-Compiler/ast/ast.go:307.44,317.2 7 0
github.com/Devashish08/InterPreter-Compiler/ast/ast.go:324.47,324.48 0 0
github.com/Devashish08/InterPreter-Compiler/ast/ast.go:325.46,325.73 1 0
github.com/Devashish08/InterPreter-Compiler/ast/ast.go:326.40,330.35 3 0
github.com/Devashish08/InterPreter-Compiler/ast/ast.go:330.35,332.3 1 0
github.com/Devashish08/InterPreter-Compiler/ast/ast.go:334.2,338.21 4 0
github.com/Devashish08/InterPreter-Compiler/token/token.go:67.42,68.36 1 0
github.com/Devashish08/InterPreter-Compiler/token/token.go:68.36,70.3 1 0
github.com/Devashish08/InterPreter-Compiler/token/token.go:71.2,71.14 1 0
github.com/Devashish08/InterPreter-Compiler/object/enviornmen.go:3.62,7.2 3 0
github.com/Devashish08/InterPreter-Compiler/object/enviornmen.go:9.36,12.2 2 0
github.com/Devashish08/InterPreter-Compiler/object/enviornmen.go:19.55,21.27 2 0
github.com/Devashish08/InterPreter-Compiler/object/enviornmen.go:21.27,23.3 1 0
github.com/Devashish08/InterPreter-Compiler/object/enviornmen.go:24.2,24.16 1 0
github.com/Devashish08/InterPreter-Compiler/object/enviornmen.go:27.59,30.2 2 0
github.com/Devashish08/InterPreter-Compiler/object/object.go:51.37,51.59 1 1
github.com/Devashish08/InterPreter-Compiler/object/object.go:52.37,52.74 1 0
github.com/Devashish08/InterPreter-Compiler/object/object.go:53.37,55.2 1 1
github.com/Devashish08/InterPreter-Compiler/object/object.go:61.37,61.59 1 1
github.com/Devashish08/InterPreter-Compiler/object/object.go:62.37,62.74 1 0
github.com/Devashish08/InterPreter-Compiler/object/object.go:63.37,66.13 2 1
github.com/Devashish08/InterPreter-Compiler/object/object.go:66.13,68.3 1 1
github.com/Devashish08/InterPreter-Compiler/object/object.go:68.8,70.3 1 1
github.com/Devashish08/InterPreter-Compiler/object/object.go:72.2,72.46 1 1
github.com/Devashish08/InterPreter-Compiler/object/object.go:77.34,77.53 1 0
github.com/Devashish08/InterPreter-Compiler/object/object.go:78.34,78.51 1 0
github.com/Devashish08/InterPreter-Compiler/object/object.go:84.42,84.69 1 0
github.com/Devashish08/InterPreter-Compiler/object/object.go:85.42,85.71 1 0
github.com/Devashish08/InterPreter-Compiler/object/object.go:91.35,91.55 1 0
github.com/Devashish08/InterPreter-Compiler/object/object.go:92.35,92.67 1 0
github.com/Devashish08/InterPreter-Compiler/object/object.go:100.38,100.61 1 0
github.com/Devashish08/InterPreter-Compiler/object/object.go:101.37,105.33 3 0
github.com/Devashish08/InterPreter-Compiler/object/object.go:105.33,107.3 1 0
github.com/Devashish08/InterPreter-Compiler/object/object.go:109.2,116.21 7 0
github.com/Devashish08/InterPreter-Compiler/object/object.go:123.36,123.57 1 1
github.com/Devashish08/InterPreter-Compiler/object/object.go:124.36,124.54 1 0
github.com/Devashish08/InterPreter-Compiler/object/object.go:125.36,130.2 3 1
github.com/Devashish08/InterPreter-Compiler/object/object.go:136.37,136.59 1 0
github.com/Devashish08/InterPreter-Compiler/object/object.go:137.37,137.66 1 0
github.com/Devashish08/InterPreter-Compiler/object/object.go:143.36,143.56 1 0
github.com/Devashish08/InterPreter-Compiler/object/object.go:144.35,148.32 3 0
github.com/Devashish08/InterPreter-Compiler/object/object.go:148.32,150.3 1 0
github.com/Devashish08/InterPreter-Compiler/object/object.go:152.2,156.21 4 0
github.com/Devashish08/InterPreter-Compiler/object/object.go:168.34,168.53 1 0
github.com/Devashish08/InterPreter-Compiler/object/object.go:169.33,173.31 3 0
github.com/Devashish08/InterPreter-Compiler/object/object.go:173.31,176.3 1 0
github.com/Devashish08/InterPreter-Compiler/object/object.go:178.2,182.21 4 0
github.com/Devashish08/InterPreter-Compiler/token/token.go:67.42,68.36 1 0
github.com/Devashish08/InterPreter-Compiler/token/token.go:68.36,70.3 1 0
github.com/Devashish08/InterPreter-Compiler/token/token.go:71.2,71.14 1 0
github.com/Devashish08/InterPreter-Compiler/lexer/lexer.go:12.31,16.2 3 1
github.com/Devashish08/InterPreter-Compiler/lexer/lexer.go:18.41,23.14 3 1
github.com/Devashish08/InterPreter-Compiler/lexer/lexer.go:24.11,25.26 1 1
github.com/Devashish08/InterPreter-Compiler/lexer/lexer.go:25.26,30.4 4 1
github.com/Devashish08/InterPreter-Compiler/lexer/lexer.go:30.9,32.4 1 1
github.com/Devashish08/InterPreter-Compiler/lexer/lexer.go:33.11,34.35 1 1
github.com/Devashish08/InterPreter-Compiler/lexer/lexer.go:35.11,36.36 1 1
github.com/Devashish08/InterPreter-Compiler/lexer/lexer.go:37.11,38.26 1 1
github.com/Devashish08/InterPreter-Compiler/lexer/lexer.go:38.26,43.4 4 1
github.com/Devashish08/InterPreter-Compiler/lexer/lexer.go:43.9,45.4 1 1
github.com/Devashish08/InterPreter-Compiler/lexer/lexer.go:46.11,47.36 1 1
github.com/Devashish08/InterPreter-Compiler/lexer/lexer.go:48.11,49.39 1 1
github.com/Devashish08/InterPreter-Compiler/lexer/lexer.go:50.11,51.33 1 1
github.com/Devashish08/InterPreter-Compiler/lexer/lexer.go:52.11,53.33 1 1
github.com/Devashish08/InterPreter-Compiler/lexer/lexer.go:54.11,55.40 1 1
github.com/Devashish08/InterPreter-Compiler/lexer/lexer.go:56.11,57.36 1 0
github.com/Devashish08/InterPreter-Compiler/lexer/lexer.go:58.11,59.36 1 1
github.com/Devashish08/InterPreter-Compiler/lexer/lexer.go:60.11,61.37 1 1
github.com/Devashish08/InterPreter-Compiler/lexer/lexer.go:62.11,63.37 1 1
github.com/Devashish08/InterPreter-Compiler/lexer/lexer.go:64.11,65.37 1 1
github.com/Devashish08/InterPreter-Compiler/lexer/lexer.go:66.11,67.37 1 1
github.com/Devashish08/InterPreter-Compiler/lexer/lexer.go:68.11,70.31 2 0
github.com/Devashish08/InterPreter-Compiler/lexer/lexer.go:71.11,72.39 1 0
github.com/Devashish08/InterPreter-Compiler/lexer/lexer.go:73.11,74.39 1 0
github.com/Devashish08/InterPreter-Compiler/lexer/lexer.go:75.9,77.23 2 1
github.com/Devashish08/InterPreter-Compiler/lexer/lexer.go:78.10,79.21 1 1
github.com/Devashish08/InterPreter-Compiler/lexer/lexer.go:79.21,83.4 3 1
github.com/Devashish08/InterPreter-Compiler/lexer/lexer.go:83.9,83.27 1 1
github.com/Devashish08/InterPreter-Compiler/lexer/lexer.go:83.27,87.4 3 1
github.com/Devashish08/InterPreter-Compiler/lexer/lexer.go:87.9,89.4 1 0
github.com/Devashish08/InterPreter-Compiler/lexer/lexer.go:92.2,93.12 2 1
github.com/Devashish08/InterPreter-Compiler/lexer/lexer.go:96.34,97.66 1 1
github.com/Devashish08/InterPreter-Compiler/lexer/lexer.go:97.66,99.3 1 1
github.com/Devashish08/InterPreter-Compiler/lexer/lexer.go:102.28,103.36 1 1
github.com/Devashish08/InterPreter-Compiler/lexer/lexer.go:103.36,105.3 1 1
github.com/Devashish08/InterPreter-Compiler/lexer/lexer.go:105.8,107.3 1 1
github.com/Devashish08/InterPreter-Compiler/lexer/lexer.go:108.2,109.21 2 1
github.com/Devashish08/InterPreter-Compiler/lexer/lexer.go:112.33,113.36 1 1
github.com/Devashish08/InterPreter-Compiler/lexer/lexer.go:113.36,115.3 1 0
github.com/Devashish08/InterPreter-Compiler/lexer/lexer.go:115.8,117.3 1 1
github.com/Devashish08/InterPreter-Compiler/lexer/lexer.go:120.41,122.21 2 1
github.com/Devashish08/InterPreter-Compiler/lexer/lexer.go:122.21,124.3 1 1
github.com/Devashish08/InterPreter-Compiler/lexer/lexer.go:125.2,125.37 1 1
github.com/Devashish08/InterPreter-Compiler/lexer/lexer.go:128.37,130.20 2 1
github.com/Devashish08/InterPreter-Compiler/lexer/lexer.go:130.20,132.3 1 1
github.com/Devashish08/InterPreter-Compiler/lexer/lexer.go:133.2,133.37 1 1
github.com/Devashish08/InterPreter-Compiler/lexer/lexer.go:136.37,138.6 2 0
github.com/Devashish08/InterPreter-Compiler/lexer/lexer.go:138.6,140.31 2 0
github.com/Devashish08/InterPreter-Compiler/lexer/lexer.go:140.31,141.9 1 0
github.com/Devashish08/InterPreter-Compiler/lexer/lexer.go:144.2,144.37 1 0
github.com/Devashish08/InterPreter-Compiler/lexer/lexer.go:147.29,149.2 1 1
github.com/Devashish08/InterPreter-Compiler/lexer/lexer.go:151.28,153.2 1 1
github.com/Devashish08/InterPreter-Compiler/lexer/lexer.go:155.63,157.2 1 1
github.com/Devashish08/InterPreter-Compiler/token/token.go:67.42,68.36 1 1
github.com/Devashish08/InterPreter-Compiler/token/token.go:68.36,70.3 1 1
github.com/Devashish08/InterPreter-Compiler/token/token.go:71.2,71.14 1 1
github.com/Devashish08/InterPreter-Compiler/parser/parcer_tracing.go:12.26,14.2 1 0
github.com/Devashish08/InterPreter-Compiler/parser/parcer_tracing.go:16.28,18.2 1 0
github.com/Devashish08/InterPreter-Compiler/parser/parcer_tracing.go:20.17,20.48 1 0
github.com/Devashish08/InterPreter-Compiler/parser/parcer_tracing.go:21.17,21.48 1 0
github.com/Devashish08/InterPreter-Compiler/parser/parcer_tracing.go:23.31,27.2 3 0
github.com/Devashish08/InterPreter-Compiler/parser/parcer_tracing.go:29.26,32.2 2 0
github.com/Devashish08/InterPreter-Compiler/parser/parser.go:53.34,91.2 28 1
github.com/Devashish08/InterPreter-Compiler/parser/parser.go:93.30,96.2 2 1
github.com/Devashish08/InterPreter-Compiler/parser/parser.go:98.53,100.2 1 1
github.com/Devashish08/InterPreter-Compiler/parser/parser.go:102.54,104.2 1 1
github.com/Devashish08/InterPreter-Compiler/parser/parser.go:106.53,107.22 1 1
github.com/Devashish08/InterPreter-Compiler/parser/parser.go:107.22,110.3 2 1
github.com/Devashish08/InterPreter-Compiler/parser/parser.go:110.8,113.3 2 0
github.com/Devashish08/InterPreter-Compiler/parser/parser.go:116.36,118.2 1 1
github.com/Devashish08/InterPreter-Compiler/parser/parser.go:120.47,124.2 2 0
github.com/Devashish08/InterPreter-Compiler/parser/parser.go:126.58,129.2 2 0
github.com/Devashish08/InterPreter-Compiler/parser/parser.go:131.46,135.31 3 1
github.com/Devashish08/InterPreter-Compiler/parser/parser.go:135.31,137.18 2 1
github.com/Devashish08/InterPreter-Compiler/parser/parser.go:137.18,139.4 1 1
github.com/Devashish08/InterPreter-Compiler/parser/parser.go:140.3,140.16 1 1
github.com/Devashish08/InterPreter-Compiler/parser/parser.go:143.2,143.16 1 1
github.com/Devashish08/InterPreter-Compiler/parser/parser.go:146.49,147.25 1 1
github.com/Devashish08/InterPreter-Compiler/parser/parser.go:148.17,149.31 1 1
github.com/Devashish08/InterPreter-Compiler/parser/parser.go:150.20,151.34 1 1
github.com/Devashish08/InterPreter-Compiler/parser/parser.go:152.10,153.38 1 1
github.com/Devashish08/InterPreter-Compiler/parser/parser.go:157.56,160.32 2 1
github.com/Devashish08/InterPreter-Compiler/parser/parser.go:160.32,162.3 1 0
github.com/Devashish08/InterPreter-Compiler/parser/parser.go:164.2,166.33 2 1
github.com/Devashish08/InterPreter-Compiler/parser/parser.go:166.33,168.3 1 0
github.com/Devashish08/InterPreter-Compiler/parser/parser.go:170.2,174.36 3 1
github.com/Devashish08/InterPreter-Compiler/parser/parser.go:174.36,176.3 1 1
github.com/Devashish08/InterPreter-Compiler/parser/parser.go:178.2,178.13 1 1
github.com/Devashish08/InterPreter-Compiler/parser/parser.go:181.62,188.36 4 1
github.com/Devashish08/InterPreter-Compiler/parser/parser.go:188.36,190.3 1 1
github.com/Devashish08/InterPreter-Compiler/parser/parser.go:192.2,192.13 1 1
github.com/Devashish08/InterPreter-Compiler/parser/parser.go:195.70,200.36 3 1
github.com/Devashish08/InterPreter-Compiler/parser/parser.go:200.36,202.3 1 1
github.com/Devashish08/InterPreter-Compiler/parser/parser.go:204.2,204.13 1 1
github.com/Devashish08/InterPreter-Compiler/parser/parser.go:207.65,209.19 2 1
github.com/Devashish08/InterPreter-Compiler/parser/parser.go:209.19,212.3 2 0
github.com/Devashish08/InterPreter-Compiler/parser/parser.go:213.2,215.73 2 1
github.com/Devashish08/InterPreter-Compiler/parser/parser.go:215.73,217.19 2 1
github.com/Devashish08/InterPreter-Compiler/parser/parser.go:217.19,219.4 1 0
github.com/Devashish08/InterPreter-Compiler/parser/parser.go:221.3,223.27 2 1
github.com/Devashish08/InterPreter-Compiler/parser/parser.go:226.2,226.16 1 1
github.com/Devashish08/InterPreter-Compiler/parser/parser.go:229.39,230.48 1 1
github.com/Devashish08/InterPreter-Compiler/parser/parser.go:230.48,232.3 1 1
github.com/Devashish08/InterPreter-Compiler/parser/parser.go:234.2,234.15 1 1
github.com/Devashish08/InterPreter-Compiler/parser/parser.go:237.38,238.47 1 1
github.com/Devashish08/InterPreter-Compiler/parser/parser.go:238.47,240.3 1 1
github.com/Devashish08/InterPreter-Compiler/parser/parser.go:242.2,242.15 1 0
github.com/Devashish08/InterPreter-Compiler/parser/parser.go:245.51,247.2 1 1
github.com/Devashish08/InterPreter-Compiler/parser/parser.go:249.55,253.16 3 1
github.com/Devashish08/InterPreter-Compiler/parser/parser.go:253.16,257.3 3 0
github.com/Devashish08/InterPreter-Compiler/parser/parser.go:259.2,261.12 2 1
github.com/Devashish08/InterPreter-Compiler/parser/parser.go:264.54,266.2 1 1
github.com/Devashish08/InterPreter-Compiler/parser/parser.go:268.57,279.2 4 1
github.com/Devashish08/InterPreter-Compiler/parser/parser.go:281.75,293.2 5 1
github.com/Devashish08/InterPreter-Compiler/parser/parser.go:295.48,297.2 1 1
github.com/Devashish08/InterPreter-Compiler/parser/parser.go:299.58,304.33 3 1
github.com/Devashish08/InterPreter-Compiler/parser/parser.go:304.33,306.3 1 0
github.com/Devashish08/InterPreter-Compiler/parser/parser.go:308.2,308.12 1 1
github.com/Devashish08/InterPreter-Compiler/parser/parser.go:311.53,314.33 2 1
github.com/Devashish08/InterPreter-Compiler/parser/parser.go:314.33,316.3 1 0
github.com/Devashish08/InterPreter-Compiler/parser/parser.go:318.2,321.33 3 1
github.com/Devashish08/InterPreter-Compiler/parser/parser.go:321.33,323.3 1 0
github.com/Devashish08/InterPreter-Compiler/parser/parser.go:325.2,325.33 1 1
github.com/Devashish08/InterPreter-Compiler/parser/parser.go:325.33,327.3 1 0
github.com/Devashish08/InterPreter-Compiler/parser/parser.go:329.2,331.31 2 1
github.com/Devashish08/InterPreter-Compiler/parser/parser.go:331.31,334.34 2 1
github.com/Devashish08/InterPreter-Compiler/parser/parser.go:334.34,336.4 1 0
github.com/Devashish08/InterPreter-Compiler/parser/parser.go:338.3,338.51 1 1
github.com/Devashish08/InterPreter-Compiler/parser/parser.go:341.2,341.19 1 1
github.com/Devashish08/InterPreter-Compiler/parser/parser.go:344.60,350.62 4 1
github.com/Devashish08/InterPreter-Compiler/parser/parser.go:350.62,352.18 2 1
github.com/Devashish08/InterPreter-Compiler/parser/parser.go:352.18,354.4 1 1
github.com/Devashish08/InterPreter-Compiler/parser/parser.go:355.3,355.16 1 1
github.com/Devashish08/InterPreter-Compiler/parser/parser.go:358.2,358.14 1 1
github.com/Devashish08/InterPreter-Compiler/parser/parser.go:361.56,364.33 2 1
github.com/Devashish08/InterPreter-Compiler/parser/parser.go:364.33,366.3 1 0
github.com/Devashish08/InterPreter-Compiler/parser/parser.go:368.2,370.33 2 1
github.com/Devashish08/InterPreter-Compiler/parser/parser.go:370.33,372.3 1 0
github.com/Devashish08/InterPreter-Compiler/parser/parser.go:374.2,376.12 2 1
github.com/Devashish08/InterPreter-Compiler/parser/parser.go:379.62,382.33 2 1
github.com/Devashish08/InterPreter-Compiler/parser/parser.go:382.33,385.3 2 1
github.com/Devashish08/InterPreter-Compiler/parser/parser.go:387.2,392.33 4 1
github.com/Devashish08/InterPreter-Compiler/parser/parser.go:392.33,397.3 4 1
github.com/Devashish08/InterPreter-Compiler/parser/parser.go:399.2,399.33 1 1
github.com/Devashish08/InterPreter-Compiler/parser/parser.go:399.33,401.3 1 0
github.com/Devashish08/InterPreter-Compiler/parser/parser.go:403.2,403.20 1 1
github.com/Devashish08/InterPreter-Compiler/parser/parser.go:406.78,410.2 3 1
github.com/Devashish08/InterPreter-Compiler/parser/parser.go:412.76,415.24 2 1
github.com/Devashish08/InterPreter-Compiler/parser/parser.go:415.24,418.3 2 1
github.com/Devashish08/InterPreter-Compiler/parser/parser.go:420.2,423.33 3 1
github.com/Devashish08/InterPreter-Compiler/parser/parser.go:423.33,427.3 3 1
github.com/Devashish08/InterPreter-Compiler/parser/parser.go:429.2,429.24 1 1
github.com/Devashish08/InterPreter-Compiler/parser/parser.go:429.24,431.3 1 0
github.com/Devashish08/InterPreter-Compiler/parser/parser.go:433.2,433.13 1 1
github.com/Devashish08/InterPreter-Compiler/parser/parser.go:436.53,442.2 3 1
github.com/Devashish08/InterPreter-Compiler/parser/parser.go:444.75,450.35 4 1
github.com/Devashish08/InterPreter-Compiler/parser/parser.go:450.35,452.3 1 0
github.com/Devashish08/InterPreter-Compiler/parser/parser.go:454.2,454.12 1 1
github.com/Devashish08/InterPreter-Compiler/parser/parser.go:457.52,461.35 3 1
github.com/Devashish08/InterPreter-Compiler/parser/parser.go:461.35,465.33 3 1
github.com/Devashish08/InterPreter-Compiler/parser/parser.go:465.33,467.4 1 0
github.com/Devashish08/InterPreter-Compiler/parser/parser.go:469.3,474.65 4 1
github.com/Devashish08/InterPreter-Compiler/parser/parser.go:474.65,476.4 1 0
github.com/Devashish08/InterPreter-Compiler/parser/parser.go:479.2,479.33 1 1
github.com/Devashish08/InterPreter-Compiler/parser/parser.go:479.33,481.3 1 0
github.com/Devashish08/InterPreter-Compiler/parser/parser.go:483.2,483.13 1 1
github.com/Devashish08/InterPreter-Compiler/parser/parser.go:486.78,488.2 1 1
github.com/Devashish08/InterPreter-Compiler/parser/parser.go:490.76,492.2 1 1
github.com/Devashish08/InterPreter-Compiler/token/token.go:67.42,68.36 1 1
github.com/Devashish08/InterPreter-Compiler/token/token.go:68.36,70.3 1 1
github.com/Devashish08/InterPreter-Compiler/token/token.go:71.2,71.14 1 1
github.com/Devashish08/InterPreter-Compiler/token/token.go:67.42,68.36 1 0
github.com/Devashish08/InterPreter-Compiler/token/token.go:68.36,70.3 1 0
github.com/Devashish08/InterPreter-Compiler/token/token.go:71.2,71.14 1 0
github.com/Devashish08/InterPreter-Compiler/repl/repl.go:25.41,29.6 3 0
github.com/Devashish08/InterPreter-Compiler/repl/repl.go:29.6,32.15 3 0
github.com/Devashish08/InterPreter-Compiler/repl/repl.go:32.15,34.4 1 0
github.com/Devashish08/InterPreter-Compiler/repl/repl.go:36.3,41.27 5 0
github.com/Devashish08/InterPreter-Compiler/repl/repl.go:41.27,43.12 2 0
github.com/Devashish08/InterPreter-Compiler/repl/repl.go:46.3,47.23 2 0
github.com/Devashish08/InterPreter-Compiler/repl/repl.go:47.23,50.4 2 0
github.com/Devashish08/InterPreter-Compiler/repl/repl.go:53.56,56.29 3 0
github.com/Devashish08/InterPreter-Compiler/repl/repl.go:56.29,58.3 1 0
github.com/Devashish08/InterPreter-Compiler/evaluator/builtins.go:10.71,11.21 1 1
github.com/Devashish08/InterPreter-Compiler/evaluator/builtins.go:11.21,14.4 1 1
github.com/Devashish08/InterPreter-Compiler/evaluator/builtins.go:16.3,16.32 1 1
github.com/Devashish08/InterPreter-Compiler/evaluator/builtins.go:17.22,18.59 1 1
github.com/Devashish08/InterPreter-Compiler/evaluator/builtins.go:19.23,20.56 1 1
github.com/Devashish08/InterPreter-Compiler/evaluator/builtins.go:21.11,23.20 1 1
github.com/Devashish08/InterPreter-Compiler/evaluator/builtins.go:28.49,29.29 1 1
github.com/Devashish08/InterPreter-Compiler/evaluator/builtins.go:29.29,31.5 1 1
github.com/Devashish08/InterPreter-Compiler/evaluator/builtins.go:33.4,33.15 1 1
github.com/Devashish08/InterPreter-Compiler/evaluator/builtins.go:37.49,38.22 1 1
github.com/Devashish08/InterPreter-Compiler/evaluator/builtins.go:38.22,41.5 1 0
github.com/Devashish08/InterPreter-Compiler/evaluator/builtins.go:42.4,42.42 1 1
github.com/Devashish08/InterPreter-Compiler/evaluator/builtins.go:42.42,45.5 1 1
github.com/Devashish08/InterPreter-Compiler/evaluator/builtins.go:47.4,48.29 2 1
github.com/Devashish08/InterPreter-Compiler/evaluator/builtins.go:48.29,50.5 1 1
github.com/Devashish08/InterPreter-Compiler/evaluator/builtins.go:52.4,52.15 1 1
github.com/Devashish08/InterPreter-Compiler/evaluator/builtins.go:56.49,57.22 1 1
github.com/Devashish08/InterPreter-Compiler/evaluator/builtins.go:57.22,60.5 1 0
github.com/Devashish08/InterPreter-Compiler/evaluator/builtins.go:61.4,61.42 1 1
github.com/Devashish08/InterPreter-Compiler/evaluator/builtins.go:61.42,64.5 1 1
github.com/Devashish08/InterPreter-Compiler/evaluator/builtins.go:66.4,68.18 3 1
github.com/Devashish08/InterPreter-Compiler/evaluator/builtins.go:68.18,70.5 1 1
github.com/Devashish08/InterPreter-Compiler/evaluator/builtins.go:72.4,72.15 1 1
github.com/Devashish08/InterPreter-Compiler/evaluator/builtins.go:76.49,77.22 1 1
github.com/Devashish08/InterPreter-Compiler/evaluator/builtins.go:77.22,80.5 1 0
github.com/Devashish08/InterPreter-Compiler/evaluator/builtins.go:81.4,81.42 1 1
github.com/Devashish08/InterPreter-Compiler/evaluator/builtins.go:81.42,84.5 1 0
github.com/Devashish08/InterPreter-Compiler/evaluator/builtins.go:86.4,88.18 3 1
github.com/Devashish08/InterPreter-Compiler/evaluator/builtins.go:88.18,92.5 3 1
github.com/Devashish08/InterPreter-Compiler/evaluator/builtins.go:94.4,94.15 1 1
github.com/Devashish08/InterPreter-Compiler/evaluator/builtins.go:98.49,99.22 1 1
github.com/Devashish08/InterPreter-Compiler/evaluator/builtins.go:99.22,102.5 1 0
github.com/Devashish08/InterPreter-Compiler/evaluator/builtins.go:103.4,103.42 1 1
github.com/Devashish08/InterPreter-Compiler/evaluator/builtins.go:103.42,106.5 1 1
github.com/Devashish08/InterPreter-Compiler/evaluator/builtins.go:108.4,115.47 6 1
github.com/Devashish08/InterPreter-Compiler/evaluator/evaluator.go:16.65,17.29 1 1
github.com/Devashish08/InterPreter-Compiler/evaluator/evaluator.go:20.20,21.32 1 1
github.com/Devashish08/InterPreter-Compiler/evaluator/evaluator.go:23.27,24.39 1 1
github.com/Devashish08/InterPreter-Compiler/evaluator/evaluator.go:26.32,27.36 1 1
github.com/Devashish08/InterPreter-Compiler/evaluator/evaluator.go:29.28,31.19 2 1
github.com/Devashish08/InterPreter-Compiler/evaluator/evaluator.go:31.19,33.4 1 1
github.com/Devashish08/InterPreter-Compiler/evaluator/evaluator.go:34.3,34.41 1 1
github.com/Devashish08/InterPreter-Compiler/evaluator/evaluator.go:36.25,38.19 2 1
github.com/Devashish08/InterPreter-Compiler/evaluator/evaluator.go:38.19,40.4 1 0
github.com/Devashish08/InterPreter-Compiler/evaluator/evaluator.go:41.3,41.32 1 1
github.com/Devashish08/InterPreter-Compiler/evaluator/evaluator.go:44.27,45.44 1 1
github.com/Devashish08/InterPreter-Compiler/evaluator/evaluator.go:47.26,48.43 1 1
github.com/Devashish08/InterPreter-Compiler/evaluator/evaluator.go:50.20,51.47 1 1
github.com/Devashish08/InterPreter-Compiler/evaluator/evaluator.go:53.29,55.21 2 1
github.com/Devashish08/InterPreter-Compiler/evaluator/evaluator.go:55.21,57.4 1 0
github.com/Devashish08/InterPreter-Compiler/evaluator/evaluator.go:58.3,58.52 1 1
github.com/Devashish08/InterPreter-Compiler/evaluator/evaluator.go:60.28,62.20 2 1
github.com/Devashish08/InterPreter-Compiler/evaluator/evaluator.go:62.20,64.4 1 1
github.com/Devashish08/InterPreter-Compiler/evaluator/evaluator.go:66.3,67.21 2 1
github.com/Devashish08/InterPreter-Compiler/evaluator/evaluator.go:67.21,69.4 1 0
github.com/Devashish08/InterPreter-Compiler/evaluator/evaluator.go:71.3,71.57 1 1
github.com/Devashish08/InterPreter-Compiler/evaluator/evaluator.go:73.25,74.37 1 1
github.com/Devashish08/InterPreter-Compiler/evaluator/evaluator.go:76.23,77.35 1 1
github.com/Devashish08/InterPreter-Compiler/evaluator/evaluator.go:79.28,82.68 3 1
github.com/Devashish08/InterPreter-Compiler/evaluator/evaluator.go:84.27,86.24 2 1
github.com/Devashish08/InterPreter-Compiler/evaluator/evaluator.go:86.24,88.4 1 0
github.com/Devashish08/InterPreter-Compiler/evaluator/evaluator.go:90.3,91.41 2 1
github.com/Devashish08/InterPreter-Compiler/evaluator/evaluator.go:91.41,93.4 1 0
github.com/Devashish08/InterPreter-Compiler/evaluator/evaluator.go:95.3,95.39 1 1
github.com/Devashish08/InterPreter-Compiler/evaluator/evaluator.go:97.25,99.49 2 1
github.com/Devashish08/InterPreter-Compiler/evaluator/evaluator.go:99.49,101.4 1 0
github.com/Devashish08/InterPreter-Compiler/evaluator/evaluator.go:102.3,102.43 1 1
github.com/Devashish08/InterPreter-Compiler/evaluator/evaluator.go:104.28,106.20 2 1
github.com/Devashish08/InterPreter-Compiler/evaluator/evaluator.go:106.20,108.4 1 0
github.com/Devashish08/InterPreter-Compiler/evaluator/evaluator.go:109.3,110.21 2 1
github.com/Devashish08/InterPreter-Compiler/evaluator/evaluator.go:110.21,112.4 1 0
github.com/Devashish08/InterPreter-Compiler/evaluator/evaluator.go:113.3,113.42 1 1
github.com/Devashish08/InterPreter-Compiler/evaluator/evaluator.go:115.24,116.36 1 1
github.com/Devashish08/InterPreter-Compiler/evaluator/evaluator.go:120.2,120.12 1 1
github.com/Devashish08/InterPreter-Compiler/evaluator/evaluator.go:123.79,126.47 2 1
github.com/Devashish08/InterPreter-Compiler/evaluator/evaluator.go:126.47,129.34 2 1
github.com/Devashish08/InterPreter-Compiler/evaluator/evaluator.go:130.28,131.23 1 1
github.com/Devashish08/InterPreter-Compiler/evaluator/evaluator.go:132.22,133.17 1 1
github.com/Devashish08/InterPreter-Compiler/evaluator/evaluator.go:137.2,137.15 1 1
github.com/Devashish08/InterPreter-Compiler/evaluator/evaluator.go:143.17,146.45 2 1
github.com/Devashish08/InterPreter-Compiler/evaluator/evaluator.go:146.45,149.20 2 1
github.com/Devashish08/InterPreter-Compiler/evaluator/evaluator.go:149.20,151.63 2 1
github.com/Devashish08/InterPreter-Compiler/evaluator/evaluator.go:151.63,153.5 1 1
github.com/Devashish08/InterPreter-Compiler/evaluator/evaluator.go:157.2,157.15 1 1
github.com/Devashish08/InterPreter-Compiler/evaluator/evaluator.go:160.60,161.11 1 1
github.com/Devashish08/InterPreter-Compiler/evaluator/evaluator.go:161.11,163.3 1 1
github.com/Devashish08/InterPreter-Compiler/evaluator/evaluator.go:164.2,164.14 1 1
github.com/Devashish08/InterPreter-Compiler/evaluator/evaluator.go:167.79,168.18 1 1
github.com/Devashish08/InterPreter-Compiler/evaluator/evaluator.go:169.11,170.43 1 1
github.com/Devashish08/InterPreter-Compiler/evaluator/evaluator.go:171.11,172.50 1 1
github.com/Devashish08/InterPreter-Compiler/evaluator/evaluator.go:173.10,174.68 1 0
github.com/Devashish08/InterPreter-Compiler/evaluator/evaluator.go:181.17,182.9 1 1
github.com/Devashish08/InterPreter-Compiler/evaluator/evaluator.go:183.79,184.59 1 1
github.com/Devashish08/InterPreter-Compiler/evaluator/evaluator.go:185.77,186.58 1 1
github.com/Devashish08/InterPreter-Compiler/evaluator/evaluator.go:187.24,188.50 1 1
github.com/Devashish08/InterPreter-Compiler/evaluator/evaluator.go:189.24,190.50 1 1
github.com/Devashish08/InterPreter-Compiler/evaluator/evaluator.go:191.35,193.40 1 1
github.com/Devashish08/InterPreter-Compiler/evaluator/evaluator.go:194.10,196.40 1 1
github.com/Devashish08/InterPreter-Compiler/evaluator/evaluator.go:200.68,201.15 1 1
github.com/Devashish08/InterPreter-Compiler/evaluator/evaluator.go:202.12,203.15 1 1
github.com/Devashish08/InterPreter-Compiler/evaluator/evaluator.go:204.13,205.14 1 1
github.com/Devashish08/InterPreter-Compiler/evaluator/evaluator.go:206.12,207.14 1 0
github.com/Devashish08/InterPreter-Compiler/evaluator/evaluator.go:208.10,209.15 1 1
github.com/Devashish08/InterPreter-Compiler/evaluator/evaluator.go:213.75,214.40 1 1
github.com/Devashish08/InterPreter-Compiler/evaluator/evaluator.go:214.40,216.3 1 1
github.com/Devashish08/InterPreter-Compiler/evaluator/evaluator.go:218.2,219.39 2 1
github.com/Devashish08/InterPreter-Compiler/evaluator/evaluator.go:225.17,229.18 3 1
github.com/Devashish08/InterPreter-Compiler/evaluator/evaluator.go:230.11,231.52 1 1
github.com/Devashish08/InterPreter-Compiler/evaluator/evaluator.go:232.11,233.52 1 1
github.com/Devashish08/InterPreter-Compiler/evaluator/evaluator.go:234.11,235.52 1 1
github.com/Devashish08/InterPreter-Compiler/evaluator/evaluator.go:236.11,237.52 1 1
github.com/Devashish08/InterPreter-Compiler/evaluator/evaluator.go:238.11,239.55 1 1
github.com/Devashish08/InterPreter-Compiler/evaluator/evaluator.go:240.11,241.55 1 1
github.com/Devashish08/InterPreter-Compiler/evaluator/evaluator.go:242.12,243.56 1 1
github.com/Devashish08/InterPreter-Compiler/evaluator/evaluator.go:244.12,245.56 1 1
github.com/Devashish08/InterPreter-Compiler/evaluator/evaluator.go:246.10,248.40 1 0
github.com/Devashish08/InterPreter-Compiler/evaluator/evaluator.go:255.17,256.21 1 1
github.com/Devashish08/InterPreter-Compiler/evaluator/evaluator.go:256.21,259.3 1 1
github.com/Devashish08/InterPreter-Compiler/evaluator/evaluator.go:261.2,263.50 3 1
github.com/Devashish08/InterPreter-Compiler/evaluator/evaluator.go:269.17,271.24 2 1
github.com/Devashish08/InterPreter-Compiler/evaluator/evaluator.go:271.24,273.3 1 0
github.com/Devashish08/InterPreter-Compiler/evaluator/evaluator.go:275.2,275.25 1 1
github.com/Devashish08/InterPreter-Compiler/evaluator/evaluator.go:275.25,277.3 1 1
github.com/Devashish08/InterPreter-Compiler/evaluator/evaluator.go:277.8,277.34 1 1
github.com/Devashish08/InterPreter-Compiler/evaluator/evaluator.go:277.34,279.3 1 1
github.com/Devashish08/InterPreter-Compiler/evaluator/evaluator.go:279.8,281.3 1 1
github.com/Devashish08/InterPreter-Compiler/evaluator/evaluator.go:287.17,288.40 1 1
github.com/Devashish08/InterPreter-Compiler/evaluator/evaluator.go:288.40,290.3 1 1
github.com/Devashish08/InterPreter-Compiler/evaluator/evaluator.go:292.2,292.45 1 1
github.com/Devashish08/InterPreter-Compiler/evaluator/evaluator.go:292.45,294.3 1 1
github.com/Devashish08/InterPreter-Compiler/evaluator/evaluator.go:296.2,296.56 1 1
github.com/Devashish08/InterPreter-Compiler/evaluator/evaluator.go:299.39,300.13 1 1
github.com/Devashish08/InterPreter-Compiler/evaluator/evaluator.go:301.12,302.15 1 0
github.com/Devashish08/InterPreter-Compiler/evaluator/evaluator.go:303.12,304.14 1 1
github.com/Devashish08/InterPreter-Compiler/evaluator/evaluator.go:305.13,306.15 1 1
github.com/Devashish08/InterPreter-Compiler/evaluator/evaluator.go:307.10,308.14 1 1
github.com/Devashish08/InterPreter-Compiler/evaluator/evaluator.go:312.62,314.2 1 1
github.com/Devashish08/InterPreter-Compiler/evaluator/evaluator.go:316.38,317.16 1 1
github.com/Devashish08/InterPreter-Compiler/evaluator/evaluator.go:317.16,319.3 1 1
github.com/Devashish08/InterPreter-Compiler/evaluator/evaluator.go:320.2,320.14 1 0
github.com/Devashish08/InterPreter-Compiler/evaluator/evaluator.go:326.19,329.25 2 1
github.com/Devashish08/InterPreter-Compiler/evaluator/evaluator.go:329.25,331.25 2 1
github.com/Devashish08/InterPreter-Compiler/evaluator/evaluator.go:331.25,333.4 1 0
github.com/Devashish08/InterPreter-Compiler/evaluator/evaluator.go:334.3,334.37 1 1
github.com/Devashish08/InterPreter-Compiler/evaluator/evaluator.go:337.2,337.15 1 1
github.com/Devashish08/InterPreter-Compiler/evaluator/evaluator.go:340.74,341.25 1 1
github.com/Devashish08/InterPreter-Compiler/evaluator/evaluator.go:343.24,346.38 3 1
github.com/Devashish08/InterPreter-Compiler/evaluator/evaluator.go:348.23,349.24 1 1
github.com/Devashish08/InterPreter-Compiler/evaluator/evaluator.go:351.10,352.51 1 0
github.com/Devashish08/InterPreter-Compiler/evaluator/evaluator.go:359.23,362.45 2 1
github.com/Devashish08/InterPreter-Compiler/evaluator/evaluator.go:362.45,364.3 1 1
github.com/Devashish08/InterPreter-Compiler/evaluator/evaluator.go:366.2,366.12 1 1
github.com/Devashish08/InterPreter-Compiler/evaluator/evaluator.go:369.57,370.54 1 1
github.com/Devashish08/InterPreter-Compiler/evaluator/evaluator.go:370.54,372.3 1 1
github.com/Devashish08/InterPreter-Compiler/evaluator/evaluator.go:374.2,374.12 1 1
github.com/Devashish08/InterPreter-Compiler/evaluator/evaluator.go:377.67,378.9 1 1
github.com/Devashish08/InterPreter-Compiler/evaluator/evaluator.go:379.77,380.47 1 1
github.com/Devashish08/InterPreter-Compiler/evaluator/evaluator.go:381.38,382.46 1 1
github.com/Devashish08/InterPreter-Compiler/evaluator/evaluator.go:383.10,384.67 1 1
github.com/Devashish08/InterPreter-Compiler/evaluator/evaluator.go:388.73,393.26 4 1
github.com/Devashish08/InterPreter-Compiler/evaluator/evaluator.go:393.26,395.3 1 1
github.com/Devashish08/InterPreter-Compiler/evaluator/evaluator.go:397.2,397.34 1 1
github.com/Devashish08/InterPreter-Compiler/evaluator/evaluator.go:403.17,406.45 2 1
github.com/Devashish08/InterPreter-Compiler/evaluator/evaluator.go:406.45,408.19 2 1
github.com/Devashish08/InterPreter-Compiler/evaluator/evaluator.go:408.19,410.4 1 0
github.com/Devashish08/InterPreter-Compiler/evaluator/evaluator.go:412.3,413.10 2 1
github.com/Devashish08/InterPreter-Compiler/evaluator/evaluator.go:413.10,415.4 1 0
github.com/Devashish08/InterPreter-Compiler/evaluator/evaluator.go:417.3,418.21 2 1
github.com/Devashish08/InterPreter-Compiler/evaluator/evaluator.go:418.21,420.4 1 0
github.com/Devashish08/InterPreter-Compiler/evaluator/evaluator.go:422.3,423.58 2 1
github.com/Devashish08/InterPreter-Compiler/evaluator/evaluator.go:426.2,426.35 1 1
github.com/Devashish08/InterPreter-Compiler/evaluator/evaluator.go:429.71,433.9 3 1
github.com/Devashish08/InterPreter-Compiler/evaluator/evaluator.go:433.9,435.3 1 1
github.com/Devashish08/InterPreter-Compiler/evaluator/evaluator.go:437.2,438.9 2 1
github.com/Devashish08/InterPreter-Compiler/evaluator/evaluator.go:438.9,440.3 1 1
github.com/Devashish08/InterPreter-Compiler/evaluator/evaluator.go:442.2,442.19 1 1
github.com/Devashish08/InterPreter-Compiler/token/token.go:67.42,68.36 1 1
github.com/Devashish08/InterPreter-Compiler/token/token.go:68.36,70.3 1 1
github.com/Devashish08/InterPreter-Compiler/token/token.go:71.2,71.14 1 1
